<?xml version="1.0" encoding="UTF-8"?>
<!-- Generated by org.testng.reporters.JUnitReportReporter -->
<testsuite hostname="AlamFaleela" failures="0" tests="1" name="day3.LoggingDemo" time="2.765" errors="0" timestamp="2023-09-15T15:19:50 IST" skipped="0">
  <testcase classname="day3.LoggingDemo" name="testLogs3" time="2.765"/>
  <system-out/>
</testsuite> <!-- day3.LoggingDemo -->
