<?xml version="1.0" encoding="UTF-8"?>
<!-- Generated by org.testng.reporters.JUnitReportReporter -->
<testsuite hostname="AlamFaleela" failures="0" tests="1" name="day8.UpdateUser" time="2.152" errors="0" timestamp="2023-09-18T19:07:57 IST" skipped="0">
  <testcase classname="day8.UpdateUser" name="updateUser" time="2.152"/>
  <system-out/>
</testsuite> <!-- day8.UpdateUser -->
