<?xml version="1.0" encoding="UTF-8"?>
<!-- Generated by org.testng.reporters.JUnitReportReporter -->
<testsuite hostname="AlamFaleela" failures="0" tests="4" name="day1.HttpRequests" time="7.968" errors="0" timestamp="2023-08-29T06:23:27 IST" skipped="0">
  <testcase classname="day1.HttpRequests" name="listUser" time="3.001"/>
  <system-out/>
  <testcase classname="day1.HttpRequests" name="createUsr" time="1.669"/>
  <system-out/>
  <testcase classname="day1.HttpRequests" name="updateUsr" time="1.607"/>
  <system-out/>
  <testcase classname="day1.HttpRequests" name="deleteUsr" time="1.691"/>
  <system-out/>
</testsuite> <!-- day1.HttpRequests -->
