<?xml version="1.0" encoding="UTF-8"?>
<!-- Generated by org.testng.reporters.JUnitReportReporter -->
<testsuite hostname="AlamFaleela" failures="0" tests="1" name="day2.DifferentWaysToCreatePostReqBody" time="2.220" errors="0" timestamp="2023-09-01T09:24:41 IST" skipped="0">
  <testcase classname="day2.DifferentWaysToCreatePostReqBody" name="testPostUsingExternalJSONFile" time="2.220"/>
  <system-out/>
</testsuite> <!-- day2.DifferentWaysToCreatePostReqBody -->
