<?xml version="1.0" encoding="UTF-8"?>
<!-- Generated by org.testng.reporters.JUnitReportReporter -->
<testsuite hostname="AlamFaleela" failures="0" tests="3" name="day4.parsingXMLResponseData" time="3.297" errors="0" timestamp="2023-09-17T00:54:19 IST" skipped="0">
  <testcase classname="day4.parsingXMLResponseData" name="testXMLResponse1" time="2.387"/>
  <system-out/>
  <testcase classname="day4.parsingXMLResponseData" name="testXMLResponse2" time="0.505"/>
  <system-out/>
  <testcase classname="day4.parsingXMLResponseData" name="testXMLResponse3" time="0.405"/>
  <system-out/>
</testsuite> <!-- day4.parsingXMLResponseData -->
