<?xml version="1.0" encoding="UTF-8"?>
<!-- Generated by org.testng.reporters.JUnitReportReporter -->
<testsuite hostname="AlamFaleela" failures="0" tests="2" name="day3.HeadersDemo" time="3.336" errors="0" timestamp="2023-09-15T15:02:30 IST" skipped="0">
  <testcase classname="day3.HeadersDemo" name="testHeaders1" time="2.564"/>
  <system-out/>
  <testcase classname="day3.HeadersDemo" name="testHeaders2" time="0.772"/>
  <system-out/>
</testsuite> <!-- day3.HeadersDemo -->
