<?xml version="1.0" encoding="UTF-8"?>
<!-- Generated by org.testng.reporters.JUnitReportReporter -->
<testsuite hostname="AlamFaleela" failures="0" tests="1" name="day6.XMLSchemaValidation" time="2.366" errors="0" timestamp="2023-09-17T19:19:53 IST" skipped="0">
  <testcase classname="day6.XMLSchemaValidation" name="xmlSchemaValidation" time="2.366"/>
  <system-out/>
</testsuite> <!-- day6.XMLSchemaValidation -->
