<?xml version="1.0" encoding="UTF-8"?>
<!-- Generated by org.testng.reporters.JUnitReportReporter -->
<testsuite hostname="AlamFaleela" failures="0" tests="1" name="day8.GetUser" time="0.799" errors="0" timestamp="2023-09-18T19:07:57 IST" skipped="0">
  <testcase classname="day8.GetUser" name="getUser" time="0.799"/>
  <system-out/>
</testsuite> <!-- day8.GetUser -->
