<?xml version="1.0" encoding="UTF-8"?>
<!-- Generated by org.testng.reporters.JUnitReportReporter -->
<testsuite hostname="AlamFaleela" failures="0" tests="2" name="day5.FileUploadDownload" time="1.381" errors="0" timestamp="2023-09-17T09:19:09 IST" skipped="0">
  <testcase classname="day5.FileUploadDownload" name="testSingleFileUpload" time="1.357"/>
  <system-out/>
  <testcase classname="day5.FileUploadDownload" name="testFileDownload" time="0.024"/>
  <system-out/>
</testsuite> <!-- day5.FileUploadDownload -->
