<?xml version="1.0" encoding="UTF-8"?>
<!-- Generated by org.testng.reporters.JUnitReportReporter -->
<testsuite hostname="AlamFaleela" failures="0" tests="1" name="day7.FakerDataGenerator" time="0.148" errors="0" timestamp="2023-09-18T14:29:41 IST" skipped="0">
  <testcase classname="day7.FakerDataGenerator" name="testGenerateDummyData" time="0.148"/>
  <system-out/>
</testsuite> <!-- day7.FakerDataGenerator -->
