<?xml version="1.0" encoding="UTF-8"?>
<!-- Generated by org.testng.reporters.JUnitReportReporter -->
<testsuite hostname="AlamFaleela" failures="0" tests="1" name="day3.PathQueryParameters" time="1.699" errors="0" timestamp="2023-09-15T10:23:39 IST" skipped="0">
  <testcase classname="day3.PathQueryParameters" name="testQueryPathParam" time="1.699"/>
  <system-out/>
</testsuite> <!-- day3.PathQueryParameters -->
