<?xml version="1.0" encoding="UTF-8"?>
<!-- Generated by org.testng.reporters.JUnitReportReporter -->
<testsuite hostname="AlamFaleela" failures="0" tests="1" name="day4.parsingJSONResponseData" time="0.868" errors="0" timestamp="2023-09-15T16:59:50 IST" skipped="0">
  <testcase classname="day4.parsingJSONResponseData" name="totalSumOfAllBooks" time="0.868"/>
  <system-out/>
</testsuite> <!-- day4.parsingJSONResponseData -->
