<?xml version="1.0" encoding="UTF-8"?>
<!-- Generated by org.testng.reporters.JUnitReportReporter -->
<testsuite hostname="AlamFaleela" failures="0" tests="2" name="day6.SerializationDeSerialization" time="0.286" errors="0" timestamp="2023-09-18T11:06:17 IST" skipped="0">
  <testcase classname="day6.SerializationDeSerialization" name="testPojo2Json" time="0.248"/>
  <system-out/>
  <testcase classname="day6.SerializationDeSerialization" name="testJsonToPojo" time="0.038"/>
  <system-out/>
</testsuite> <!-- day6.SerializationDeSerialization -->
