<?xml version="1.0" encoding="UTF-8"?>
<!-- Generated by org.testng.reporters.JUnitReportReporter -->
<testsuite hostname="AlamFaleela" failures="0" tests="1" name="day8.CreateUser" time="3.574" errors="0" timestamp="2023-09-18T19:07:57 IST" skipped="0">
  <testcase classname="day8.CreateUser" name="createTest" time="3.574"/>
  <system-out/>
</testsuite> <!-- day8.CreateUser -->
