<?xml version="1.0" encoding="UTF-8"?>
<!-- Generated by org.testng.reporters.JUnitReportReporter -->
<testsuite hostname="AlamFaleela" failures="0" tests="1" name="day6.JSONSchemaValidation" time="2.120" errors="0" timestamp="2023-09-17T17:21:02 IST" skipped="0">
  <testcase classname="day6.JSONSchemaValidation" name="jsonSchemaValidation" time="2.120"/>
  <system-out/>
</testsuite> <!-- day6.JSONSchemaValidation -->
