<?xml version="1.0" encoding="UTF-8"?>
<!-- Generated by org.testng.reporters.JUnitReportReporter -->
<testsuite hostname="AlamFaleela" failures="0" tests="1" name="day8_apiChaining.UpdateUser" time="0.888" errors="0" timestamp="2023-09-18T19:09:23 IST" skipped="0">
  <testcase classname="day8_apiChaining.UpdateUser" name="updateUser" time="0.888"/>
  <system-out/>
</testsuite> <!-- day8_apiChaining.UpdateUser -->
