<?xml version="1.0" encoding="UTF-8"?>
<!-- Generated by org.testng.reporters.JUnitReportReporter -->
<testsuite hostname="AlamFaleela" failures="0" tests="1" name="day8_apiChaining.CreateUser" time="4.019" errors="0" timestamp="2023-09-18T19:09:23 IST" skipped="0">
  <testcase classname="day8_apiChaining.CreateUser" name="createTest" time="4.019"/>
  <system-out/>
</testsuite> <!-- day8_apiChaining.CreateUser -->
