<?xml version="1.0" encoding="UTF-8"?>
<!-- Generated by org.testng.reporters.JUnitReportReporter -->
<testsuite hostname="AlamFaleela" failures="0" tests="1" name="day7.JSONObjectJSONArrayJSONElement" time="0.873" errors="0" timestamp="2023-09-18T15:17:45 IST" skipped="0">
  <testcase classname="day7.JSONObjectJSONArrayJSONElement" name="testParseJSONArray" time="0.873"/>
  <system-out/>
</testsuite> <!-- day7.JSONObjectJSONArrayJSONElement -->
