<?xml version="1.0" encoding="UTF-8"?>
<!-- Generated by org.testng.reporters.JUnitReportReporter -->
<testsuite hostname="AlamFaleela" failures="0" tests="1" name="day8_apiChaining.DeleteUser" time="0.813" errors="0" timestamp="2023-09-18T19:09:23 IST" skipped="0">
  <testcase classname="day8_apiChaining.DeleteUser" name="deleteUser" time="0.813"/>
  <system-out/>
</testsuite> <!-- day8_apiChaining.DeleteUser -->
