<?xml version="1.0" encoding="UTF-8"?>
<!-- Generated by org.testng.reporters.JUnitReportReporter -->
<testsuite hostname="AlamFaleela" failures="0" tests="2" name="day7.AuthenticationAuthorization" time="5.232" errors="0" timestamp="2023-09-18T13:04:19 IST" skipped="0">
  <testcase classname="day7.AuthenticationAuthorization" name="testOAuth2Authentication" time="4.194"/>
  <system-out/>
  <testcase classname="day7.AuthenticationAuthorization" name="testAPIKeyAuth" time="1.038"/>
  <system-out/>
</testsuite> <!-- day7.AuthenticationAuthorization -->
